<?xml version="1.0" encoding="UTF-8"?>
<!-- Generated by org.testng.reporters.JUnitReportReporter -->
<testsuite hostname="DESKTOP-1PI8R7A" failures="0" tests="1" name="test.Advanced_Framework" time="14.484" errors="0" timestamp="2022-03-21T12:36:24 IST" skipped="0">
  <testcase classname="test.Advanced_Framework" name="f" time="14.484"/>
  <system-out/>
</testsuite> <!-- test.Advanced_Framework -->
