<?xml version="1.0" encoding="UTF-8"?>
<!-- Generated by org.testng.reporters.JUnitReportReporter -->
<testsuite hostname="DESKTOP-1PI8R7A" failures="0" tests="1" name="test.RahulShetty_page" time="28.400" errors="0" timestamp="2022-03-23T11:23:30 IST" skipped="0">
  <testcase classname="test.RahulShetty_page" name="f" time="28.400"/>
  <system-out/>
</testsuite> <!-- test.RahulShetty_page -->
