<?xml version="1.0" encoding="UTF-8"?>
<!-- Generated by org.testng.reporters.JUnitReportReporter -->
<testsuite hostname="DESKTOP-1PI8R7A" failures="0" tests="1" name="test.Assignment2_ng" time="10.232" errors="0" timestamp="2022-03-22T17:57:10 IST" skipped="0">
  <testcase classname="test.Assignment2_ng" name="f" time="10.232"/>
  <system-out/>
</testsuite> <!-- test.Assignment2_ng -->
